<?xml version="1.0" encoding="UTF-8"?>
<!-- Generated by org.testng.reporters.JUnitReportReporter -->
<testsuite skipped="0" hostname="SAHIL-PC" name="com.apitest.testcases.RestapideleteTest" tests="1" failures="0" timestamp="06 Nov 2019 18:45:08 GMT" time="3.797" errors="0">
  <testcase name="postrest" time="3.797" classname="com.apitest.testcases.RestapideleteTest"/>
</testsuite> <!-- com.apitest.testcases.RestapideleteTest -->
