<?xml version="1.0" encoding="UTF-8"?>
<!-- Generated by org.testng.reporters.JUnitReportReporter -->
<testsuite skipped="0" hostname="SAHIL-PC" name="com.apitest.testcases.Restapi_delete" tests="1" failures="0" timestamp="05 Nov 2019 19:59:09 GMT" time="2.987" errors="0">
  <testcase name="postrest" time="2.987" classname="com.apitest.testcases.Restapi_delete"/>
</testsuite> <!-- com.apitest.testcases.Restapi_delete -->
