<?xml version="1.0" encoding="UTF-8"?>
<!-- Generated by org.testng.reporters.JUnitReportReporter -->
<testsuite skipped="0" hostname="SAHIL-PC" name="com.apitest.testcases.json_manipulation" tests="1" failures="0" timestamp="07 Nov 2019 19:54:19 GMT" time="3.690" errors="0">
  <testcase name="postrestTest" time="3.690" classname="com.apitest.testcases.json_manipulation"/>
</testsuite> <!-- com.apitest.testcases.json_manipulation -->
